[12/10/2025 10:58:49 PM] INFO: Starting Stitch
[12/10/2025 10:58:49 PM] INFO: Now listening on port 4040
[12/10/2025 10:58:49 PM] INFO: Exiting Stitch due to an exception:
module 'readline' has no attribute 'backend'
[12/10/2025 10:58:49 PM] ERROR: module 'readline' has no attribute 'backend'
[12/10/2025 10:58:49 PM] INFO: Exiting Stitch...
[12/10/2025 11:02:57 PM] INFO: Starting Stitch
[12/10/2025 11:02:57 PM] INFO: Now listening on port 4040
[12/10/2025 11:02:57 PM] INFO: Exiting Stitch due to an exception:
module 'readline' has no attribute 'backend'
[12/10/2025 11:02:57 PM] ERROR: module 'readline' has no attribute 'backend'
[12/10/2025 11:02:57 PM] INFO: Exiting Stitch...
[12/10/2025 11:04:15 PM] INFO: Starting Stitch
[12/10/2025 11:04:15 PM] INFO: Now listening on port 4040
[12/10/2025 11:04:15 PM] INFO: Exiting Stitch due to an exception:
module 'readline' has no attribute 'backend'
[12/10/2025 11:04:15 PM] ERROR: module 'readline' has no attribute 'backend'
[12/10/2025 11:04:15 PM] INFO: Exiting Stitch...
[12/10/2025 11:09:25 PM] INFO: Now listening on port 4040
[12/10/2025 11:10:01 PM] INFO: Exiting Stitch...
[12/10/2025 11:17:56 PM] INFO: Now listening on port 4040
[12/10/2025 11:18:05 PM] INFO: Exiting Stitch...
[12/11/2025 11:34:23 AM] INFO: Now listening on port 4040
[12/11/2025 11:37:39 AM] INFO: Exiting Stitch...
